
*** Running vivado
    with args -log Memory.vds -m64 -product Vivado -mode batch -messageDb vivado.pb -notrace -source Memory.tcl


****** Vivado v2023.2 (64-bit)
  **** SW Build 4029153 on Fri Oct 13 20:13:54 MDT 2023
  **** IP Build 4028589 on Sat Oct 14 00:45:43 MDT 2023
  **** SharedData Build 4025554 on Tue Oct 10 17:18:54 MDT 2023
    ** Copyright 1986-2022 Xilinx, Inc. All Rights Reserved.
    ** Copyright 2022-2023 Advanced Micro Devices, Inc. All Rights Reserved.

source Memory.tcl -notrace
create_project: Time (s): cpu = 00:00:07 ; elapsed = 00:00:06 . Memory (MB): peak = 1278.020 ; gain = 5.961 ; free physical = 18236 ; free virtual = 28501
Command: read_checkpoint -auto_incremental -incremental /home/danny/Documents/HDL/Cache/vivado2023.2/vivado2023.2.srcs/utils_1/imports/synth_1/InstrL1.dcp
INFO: [Vivado 12-5825] Read reference checkpoint from /home/danny/Documents/HDL/Cache/vivado2023.2/vivado2023.2.srcs/utils_1/imports/synth_1/InstrL1.dcp for incremental synthesis
INFO: [Vivado 12-7989] Please ensure there are no constraint changes
Command: synth_design -top Memory -part xc7a35tcpg236-1
Starting synth_design
Attempting to get a license for feature 'Synthesis' and/or device 'xc7a35t'
INFO: [Common 17-349] Got license for feature 'Synthesis' and/or device 'xc7a35t'
INFO: [Designutils 20-5440] No compile time benefit to using incremental synthesis; A full resynthesis will be run
INFO: [Designutils 20-4379] Flow is switching to default flow due to incremental criteria not met. If you would like to alter this behaviour and have the flow terminate instead, please set the following parameter config_implementation {autoIncr.Synth.RejectBehavior Terminate}
INFO: [Synth 8-7079] Multithreading enabled for synth_design using a maximum of 4 processes.
INFO: [Synth 8-7078] Launching helper process for spawning children vivado processes
INFO: [Synth 8-7075] Helper process launched with PID 230842
---------------------------------------------------------------------------------
Starting Synthesize : Time (s): cpu = 00:00:05 ; elapsed = 00:00:05 . Memory (MB): peak = 1701.609 ; gain = 411.684 ; free physical = 17459 ; free virtual = 27792
---------------------------------------------------------------------------------
INFO: [Synth 8-6157] synthesizing module 'Memory' [/home/danny/Documents/HDL/Cache/rtl/Memory.sv:23]
INFO: [Synth 8-6157] synthesizing module 'InstrL1' [/home/danny/Documents/HDL/Cache/rtl/InstructionL1.sv:20]
	Parameter WORD_SIZE bound to: 32 - type: integer 
	Parameter ADDR_SIZE bound to: 14 - type: integer 
	Parameter LINES_PER_SET bound to: 32 - type: integer 
	Parameter WORDS_PER_LINE bound to: 8 - type: integer 
INFO: [Synth 8-6155] done synthesizing module 'InstrL1' (0#1) [/home/danny/Documents/HDL/Cache/rtl/InstructionL1.sv:20]
INFO: [Synth 8-6157] synthesizing module 'DataL1' [/home/danny/Documents/HDL/Cache/rtl/DataL1.sv:26]
	Parameter WORD_SIZE bound to: 32 - type: integer 
	Parameter ADDR_SIZE bound to: 32 - type: integer 
	Parameter LINES_PER_SET bound to: 32 - type: integer 
	Parameter WORDS_PER_LINE bound to: 8 - type: integer 
INFO: [Synth 8-155] case statement is not full and has no default [/home/danny/Documents/HDL/Cache/rtl/DataL1.sv:160]
INFO: [Synth 8-155] case statement is not full and has no default [/home/danny/Documents/HDL/Cache/rtl/DataL1.sv:168]
INFO: [Synth 8-6155] done synthesizing module 'DataL1' (0#1) [/home/danny/Documents/HDL/Cache/rtl/DataL1.sv:26]
INFO: [Synth 8-6157] synthesizing module 'CacheLineAdapter' [/home/danny/Documents/HDL/Cache/rtl/CacheLineAdapter.sv:20]
	Parameter WORD_SIZE bound to: 32 - type: integer 
	Parameter WORDS_PER_LINE bound to: 8 - type: integer 
INFO: [Synth 8-6155] done synthesizing module 'CacheLineAdapter' (0#1) [/home/danny/Documents/HDL/Cache/rtl/CacheLineAdapter.sv:20]
INFO: [Synth 8-6157] synthesizing module 'MainMemory' [/home/danny/Documents/HDL/Cache/rtl/MainMemory.sv:17]
	Parameter DELAY_BITS bound to: 3 - type: integer 
INFO: [Synth 8-3876] $readmem data file 'otter_mem.mem' is read successfully [/home/danny/Documents/HDL/Cache/rtl/MainMemory.sv:48]
INFO: [Synth 8-6155] done synthesizing module 'MainMemory' (0#1) [/home/danny/Documents/HDL/Cache/rtl/MainMemory.sv:17]
INFO: [Synth 8-6157] synthesizing module 'CacheController' [/home/danny/Documents/HDL/Cache/rtl/cacheController.sv:31]
INFO: [Synth 8-226] default block is never used [/home/danny/Documents/HDL/Cache/rtl/cacheController.sv:91]
INFO: [Synth 8-6155] done synthesizing module 'CacheController' (0#1) [/home/danny/Documents/HDL/Cache/rtl/cacheController.sv:31]
INFO: [Synth 8-6155] done synthesizing module 'Memory' (0#1) [/home/danny/Documents/HDL/Cache/rtl/Memory.sv:23]
WARNING: [Synth 8-7129] Port MEM_ADDR[29] in module MainMemory is either unconnected or has no load
WARNING: [Synth 8-7129] Port MEM_ADDR[28] in module MainMemory is either unconnected or has no load
WARNING: [Synth 8-7129] Port MEM_ADDR[27] in module MainMemory is either unconnected or has no load
WARNING: [Synth 8-7129] Port MEM_ADDR[26] in module MainMemory is either unconnected or has no load
WARNING: [Synth 8-7129] Port MEM_ADDR[25] in module MainMemory is either unconnected or has no load
WARNING: [Synth 8-7129] Port MEM_ADDR[24] in module MainMemory is either unconnected or has no load
WARNING: [Synth 8-7129] Port MEM_ADDR[23] in module MainMemory is either unconnected or has no load
WARNING: [Synth 8-7129] Port MEM_ADDR[22] in module MainMemory is either unconnected or has no load
WARNING: [Synth 8-7129] Port MEM_ADDR[21] in module MainMemory is either unconnected or has no load
WARNING: [Synth 8-7129] Port MEM_ADDR[20] in module MainMemory is either unconnected or has no load
WARNING: [Synth 8-7129] Port MEM_ADDR[19] in module MainMemory is either unconnected or has no load
WARNING: [Synth 8-7129] Port MEM_ADDR[18] in module MainMemory is either unconnected or has no load
WARNING: [Synth 8-7129] Port MEM_ADDR[17] in module MainMemory is either unconnected or has no load
WARNING: [Synth 8-7129] Port MEM_ADDR[16] in module MainMemory is either unconnected or has no load
WARNING: [Synth 8-7129] Port MEM_ADDR[15] in module MainMemory is either unconnected or has no load
WARNING: [Synth 8-7129] Port MEM_ADDR[14] in module MainMemory is either unconnected or has no load
WARNING: [Synth 8-7129] Port addr_i[4] in module CacheLineAdapter is either unconnected or has no load
WARNING: [Synth 8-7129] Port addr_i[3] in module CacheLineAdapter is either unconnected or has no load
WARNING: [Synth 8-7129] Port addr_i[2] in module CacheLineAdapter is either unconnected or has no load
WARNING: [Synth 8-7129] Port addr_i[1] in module CacheLineAdapter is either unconnected or has no load
WARNING: [Synth 8-7129] Port addr_i[0] in module CacheLineAdapter is either unconnected or has no load
---------------------------------------------------------------------------------
Finished Synthesize : Time (s): cpu = 00:00:07 ; elapsed = 00:00:07 . Memory (MB): peak = 1791.578 ; gain = 501.652 ; free physical = 17376 ; free virtual = 27670
---------------------------------------------------------------------------------
---------------------------------------------------------------------------------
Finished Constraint Validation : Time (s): cpu = 00:00:07 ; elapsed = 00:00:08 . Memory (MB): peak = 1809.391 ; gain = 519.465 ; free physical = 17376 ; free virtual = 27670
---------------------------------------------------------------------------------
---------------------------------------------------------------------------------
Start Loading Part and Timing Information
---------------------------------------------------------------------------------
Loading part: xc7a35tcpg236-1
INFO: [Device 21-403] Loading part xc7a35tcpg236-1
---------------------------------------------------------------------------------
Finished Loading Part and Timing Information : Time (s): cpu = 00:00:07 ; elapsed = 00:00:08 . Memory (MB): peak = 1817.395 ; gain = 527.469 ; free physical = 17376 ; free virtual = 27670
---------------------------------------------------------------------------------
INFO: [Synth 8-802] inferred FSM for state register 'state_reg' in module 'CacheController'
---------------------------------------------------------------------------------------------------
                   State |                     New Encoding |                Previous Encoding 
---------------------------------------------------------------------------------------------------
                    INIT |                              000 |                              000
                CHECK_L1 |                              001 |                              001
              FETCH_IMEM |                              010 |                              010
                 WB_DMEM |                              011 |                              100
                 FILL_MM |                              100 |                              101
              FETCH_DMEM |                              101 |                              110
               FILL_DMEM |                              110 |                              111
---------------------------------------------------------------------------------------------------
INFO: [Synth 8-3354] encoded FSM with state register 'state_reg' using encoding 'sequential' in module 'CacheController'
---------------------------------------------------------------------------------
Finished RTL Optimization Phase 2 : Time (s): cpu = 00:00:09 ; elapsed = 00:00:08 . Memory (MB): peak = 1835.207 ; gain = 545.281 ; free physical = 17370 ; free virtual = 27664
---------------------------------------------------------------------------------
No constraint files found.
---------------------------------------------------------------------------------
Start RTL Component Statistics 
---------------------------------------------------------------------------------
Detailed RTL Component Info : 
+---Adders : 
	   2 Input   32 Bit       Adders := 1     
	   2 Input    3 Bit       Adders := 2     
+---XORs : 
	   2 Input      1 Bit         XORs := 2     
+---Registers : 
	               32 Bit    Registers := 8     
	                3 Bit    Registers := 1     
+---RAMs : 
	             512K Bit	(16384 X 32 bit)          RAMs := 1     
	               8K Bit	(32 X 256 bit)          RAMs := 4     
	              704 Bit	(32 X 22 bit)          RAMs := 2     
	              192 Bit	(32 X 6 bit)          RAMs := 2     
+---Muxes : 
	   2 Input  256 Bit        Muxes := 11    
	   4 Input  256 Bit        Muxes := 2     
	   2 Input   32 Bit        Muxes := 25    
	   8 Input   32 Bit        Muxes := 2     
	  16 Input   32 Bit        Muxes := 1     
	   4 Input   32 Bit        Muxes := 1     
	   2 Input   14 Bit        Muxes := 1     
	  17 Input    3 Bit        Muxes := 1     
	   7 Input    2 Bit        Muxes := 1     
	   2 Input    2 Bit        Muxes := 1     
	   2 Input    1 Bit        Muxes := 5     
	   4 Input    1 Bit        Muxes := 1     
	   7 Input    1 Bit        Muxes := 8     
---------------------------------------------------------------------------------
Finished RTL Component Statistics 
---------------------------------------------------------------------------------
---------------------------------------------------------------------------------
Start Part Resource Summary
---------------------------------------------------------------------------------
Part Resources:
DSPs: 90 (col length:60)
BRAMs: 100 (col length: RAMB18 60 RAMB36 30)
---------------------------------------------------------------------------------
Finished Part Resource Summary
---------------------------------------------------------------------------------
No constraint files found.
---------------------------------------------------------------------------------
Start Cross Boundary and Area Optimization
---------------------------------------------------------------------------------
WARNING: [Synth 8-7080] Parallel synthesis criteria is not met
INFO: [Synth 8-6851] RAM (instr_mem/set1_reg) has partial Byte Wide Write Enable pattern, however no output register found in fanout of RAM. Recommended to use supported Byte Wide Write Enable template. 
INFO: [Synth 8-6851] RAM (instr_mem/set0_reg) has partial Byte Wide Write Enable pattern, however no output register found in fanout of RAM. Recommended to use supported Byte Wide Write Enable template. 
---------------------------------------------------------------------------------
Finished Cross Boundary and Area Optimization : Time (s): cpu = 00:00:29 ; elapsed = 00:00:29 . Memory (MB): peak = 2056.793 ; gain = 766.867 ; free physical = 17021 ; free virtual = 27324
---------------------------------------------------------------------------------
---------------------------------------------------------------------------------
Start ROM, RAM, DSP, Shift Register and Retiming Reporting
---------------------------------------------------------------------------------

Distributed RAM: Preliminary Mapping Report (see note below)
+------------+------------------------------------+-----------+----------------------+-----------------+
|Module Name | RTL Object                         | Inference | Size (Depth x Width) | Primitives      | 
+------------+------------------------------------+-----------+----------------------+-----------------+
|data_mem    | tag0_reg                           | Implied   | 32 x 22              | RAM32X1S x 22   | 
|data_mem    | tag1_reg                           | Implied   | 32 x 22              | RAM32X1S x 22   | 
|data_mem    | set0_reg                           | Implied   | 32 x 256             | RAM32X1S x 256  | 
|data_mem    | set1_reg                           | Implied   | 32 x 256             | RAM32X1S x 256  | 
|Memory      | cache_line_adapter/line_buffer_reg | Implied   | 8 x 32               | RAM16X1S x 32   | 
+------------+------------------------------------+-----------+----------------------+-----------------+

Note: The table above is a preliminary report that shows the Distributed RAMs at the current stage of the synthesis flow. Some Distributed RAMs may be reimplemented as non Distributed RAM primitives later in the synthesis flow. Multiple instantiated RAMs are reported only once.
---------------------------------------------------------------------------------
Finished ROM, RAM, DSP, Shift Register and Retiming Reporting
---------------------------------------------------------------------------------
No constraint files found.
---------------------------------------------------------------------------------
Start Timing Optimization
---------------------------------------------------------------------------------
---------------------------------------------------------------------------------
Finished Timing Optimization : Time (s): cpu = 00:00:30 ; elapsed = 00:00:29 . Memory (MB): peak = 2056.793 ; gain = 766.867 ; free physical = 17128 ; free virtual = 27431
---------------------------------------------------------------------------------
---------------------------------------------------------------------------------
Start ROM, RAM, DSP, Shift Register and Retiming Reporting
---------------------------------------------------------------------------------

Distributed RAM: Final Mapping Report
+------------+------------------------------------+-----------+----------------------+-----------------+
|Module Name | RTL Object                         | Inference | Size (Depth x Width) | Primitives      | 
+------------+------------------------------------+-----------+----------------------+-----------------+
|data_mem    | tag0_reg                           | Implied   | 32 x 22              | RAM32X1S x 22   | 
|data_mem    | tag1_reg                           | Implied   | 32 x 22              | RAM32X1S x 22   | 
|data_mem    | set0_reg                           | Implied   | 32 x 256             | RAM32X1S x 256  | 
|data_mem    | set1_reg                           | Implied   | 32 x 256             | RAM32X1S x 256  | 
|Memory      | cache_line_adapter/line_buffer_reg | Implied   | 8 x 32               | RAM16X1S x 32   | 
+------------+------------------------------------+-----------+----------------------+-----------------+

---------------------------------------------------------------------------------
Finished ROM, RAM, DSP, Shift Register and Retiming Reporting
---------------------------------------------------------------------------------
---------------------------------------------------------------------------------
Start Technology Mapping
---------------------------------------------------------------------------------
---------------------------------------------------------------------------------
Finished Technology Mapping : Time (s): cpu = 00:00:30 ; elapsed = 00:00:30 . Memory (MB): peak = 2056.793 ; gain = 766.867 ; free physical = 17128 ; free virtual = 27431
---------------------------------------------------------------------------------
---------------------------------------------------------------------------------
Start IO Insertion
---------------------------------------------------------------------------------
---------------------------------------------------------------------------------
Start Flattening Before IO Insertion
---------------------------------------------------------------------------------
---------------------------------------------------------------------------------
Finished Flattening Before IO Insertion
---------------------------------------------------------------------------------
---------------------------------------------------------------------------------
Start Final Netlist Cleanup
---------------------------------------------------------------------------------
---------------------------------------------------------------------------------
Finished Final Netlist Cleanup
---------------------------------------------------------------------------------
---------------------------------------------------------------------------------
Finished IO Insertion : Time (s): cpu = 00:00:34 ; elapsed = 00:00:33 . Memory (MB): peak = 2056.793 ; gain = 766.867 ; free physical = 17139 ; free virtual = 27430
---------------------------------------------------------------------------------
---------------------------------------------------------------------------------
Start Renaming Generated Instances
---------------------------------------------------------------------------------
---------------------------------------------------------------------------------
Finished Renaming Generated Instances : Time (s): cpu = 00:00:34 ; elapsed = 00:00:33 . Memory (MB): peak = 2056.793 ; gain = 766.867 ; free physical = 17139 ; free virtual = 27430
---------------------------------------------------------------------------------
---------------------------------------------------------------------------------
Start Rebuilding User Hierarchy
---------------------------------------------------------------------------------
---------------------------------------------------------------------------------
Finished Rebuilding User Hierarchy : Time (s): cpu = 00:00:34 ; elapsed = 00:00:34 . Memory (MB): peak = 2056.793 ; gain = 766.867 ; free physical = 17139 ; free virtual = 27430
---------------------------------------------------------------------------------
---------------------------------------------------------------------------------
Start Renaming Generated Ports
---------------------------------------------------------------------------------
---------------------------------------------------------------------------------
Finished Renaming Generated Ports : Time (s): cpu = 00:00:34 ; elapsed = 00:00:34 . Memory (MB): peak = 2056.793 ; gain = 766.867 ; free physical = 17139 ; free virtual = 27430
---------------------------------------------------------------------------------
---------------------------------------------------------------------------------
Start Handling Custom Attributes
---------------------------------------------------------------------------------
---------------------------------------------------------------------------------
Finished Handling Custom Attributes : Time (s): cpu = 00:00:34 ; elapsed = 00:00:34 . Memory (MB): peak = 2056.793 ; gain = 766.867 ; free physical = 17138 ; free virtual = 27430
---------------------------------------------------------------------------------
---------------------------------------------------------------------------------
Start Renaming Generated Nets
---------------------------------------------------------------------------------
---------------------------------------------------------------------------------
Finished Renaming Generated Nets : Time (s): cpu = 00:00:34 ; elapsed = 00:00:34 . Memory (MB): peak = 2056.793 ; gain = 766.867 ; free physical = 17138 ; free virtual = 27430
---------------------------------------------------------------------------------
---------------------------------------------------------------------------------
Start Writing Synthesis Report
---------------------------------------------------------------------------------

Report BlackBoxes: 
+-+--------------+----------+
| |BlackBox name |Instances |
+-+--------------+----------+
+-+--------------+----------+

Report Cell Usage: 
+------+---------+------+
|      |Cell     |Count |
+------+---------+------+
|1     |BUFG     |     1|
|2     |CARRY4   |     4|
|3     |LUT1     |     1|
|4     |LUT2     |    21|
|5     |LUT3     |     9|
|6     |LUT4     |   181|
|7     |LUT5     |   599|
|8     |LUT6     |   465|
|9     |MUXF7    |    20|
|10    |MUXF8    |     6|
|11    |RAM16X1S |    32|
|12    |RAM32X1S |   556|
|13    |FDRE     |   169|
|14    |IBUF     |    72|
|15    |OBUF     |    66|
+------+---------+------+

Report Instance Areas: 
+------+---------------------+-----------------+------+
|      |Instance             |Module           |Cells |
+------+---------------------+-----------------+------+
|1     |top                  |                 |  2202|
|2     |  cache_controller   |CacheController  |   692|
|3     |  cache_line_adapter |CacheLineAdapter |   467|
|4     |  data_mem           |DataL1           |   896|
|5     |  main_memory        |MainMemory       |     7|
+------+---------------------+-----------------+------+
---------------------------------------------------------------------------------
Finished Writing Synthesis Report : Time (s): cpu = 00:00:34 ; elapsed = 00:00:34 . Memory (MB): peak = 2056.793 ; gain = 766.867 ; free physical = 17138 ; free virtual = 27430
---------------------------------------------------------------------------------
Synthesis finished with 0 errors, 0 critical warnings and 22 warnings.
Synthesis Optimization Runtime : Time (s): cpu = 00:00:34 ; elapsed = 00:00:34 . Memory (MB): peak = 2056.793 ; gain = 766.867 ; free physical = 17138 ; free virtual = 27430
Synthesis Optimization Complete : Time (s): cpu = 00:00:34 ; elapsed = 00:00:34 . Memory (MB): peak = 2056.801 ; gain = 766.867 ; free physical = 17138 ; free virtual = 27430
INFO: [Project 1-571] Translating synthesized netlist
Netlist sorting complete. Time (s): cpu = 00:00:00.02 ; elapsed = 00:00:00.02 . Memory (MB): peak = 2056.801 ; gain = 0.000 ; free physical = 17433 ; free virtual = 27724
INFO: [Netlist 29-17] Analyzing 618 Unisim elements for replacement
INFO: [Netlist 29-28] Unisim Transformation completed in 0 CPU seconds
INFO: [Project 1-570] Preparing netlist for logic optimization
INFO: [Opt 31-138] Pushed 1 inverter(s) to 556 load pin(s).
Netlist sorting complete. Time (s): cpu = 00:00:00.01 ; elapsed = 00:00:00 . Memory (MB): peak = 2112.820 ; gain = 0.000 ; free physical = 17428 ; free virtual = 27726
INFO: [Project 1-111] Unisim Transformation Summary:
  A total of 588 instances were transformed.
  RAM16X1S => RAM32X1S (RAMS32): 32 instances
  RAM32X1S => RAM32X1S (inverted pins: WCLK) (RAMS32): 556 instances

Synth Design complete | Checksum: 875ca463
INFO: [Common 17-83] Releasing license: Synthesis
36 Infos, 22 Warnings, 0 Critical Warnings and 0 Errors encountered.
synth_design completed successfully
synth_design: Time (s): cpu = 00:00:40 ; elapsed = 00:00:36 . Memory (MB): peak = 2112.855 ; gain = 830.867 ; free physical = 17427 ; free virtual = 27725
INFO: [Common 17-2834] synth_design peak Physical Memory [PSS] (MB): overall = 1727.690; main = 1407.764; forked = 378.295
INFO: [Common 17-2834] synth_design peak Virtual Memory [VSS] (MB): overall = 3045.996; main = 2112.824; forked = 989.199
Write ShapeDB Complete: Time (s): cpu = 00:00:00.02 ; elapsed = 00:00:00.01 . Memory (MB): peak = 2136.832 ; gain = 0.000 ; free physical = 17427 ; free virtual = 27725
INFO: [Common 17-1381] The checkpoint '/home/danny/Documents/HDL/Cache/vivado2023.2/vivado2023.2.runs/synth_1/Memory.dcp' has been generated.
INFO: [runtcl-4] Executing : report_utilization -file Memory_utilization_synth.rpt -pb Memory_utilization_synth.pb
INFO: [Common 17-206] Exiting Vivado at Sun Mar 17 22:12:30 2024...
