#-----------------------------------------------------------
# Vivado v2023.2 (64-bit)
# SW Build 4029153 on Fri Oct 13 20:14:34 MDT 2023
# IP Build 4028589 on Sat Oct 14 00:45:43 MDT 2023
# SharedData Build 4025554 on Tue Oct 10 17:18:54 MDT 2023
# Start of session at: Sun Apr  7 11:17:08 2024
# Process ID: 35720
# Current directory: C:/Users/D4nny/Documents/HDL/Cache/vivado2023.2
# Command line: vivado.exe -gui_launcher_event rodinguilauncherevent34984 C:\Users\D4nny\Documents\HDL\Cache\vivado2023.2\vivado2023.2.xpr
# Log file: C:/Users/D4nny/Documents/HDL/Cache/vivado2023.2/vivado.log
# Journal file: C:/Users/D4nny/Documents/HDL/Cache/vivado2023.2\vivado.jou
# Running On: RaijinPC, OS: Windows, CPU Frequency: 4200 MHz, CPU Physical cores: 32, Host memory: 33457 MB
#-----------------------------------------------------------
start_gui
open_project C:/Users/D4nny/Documents/HDL/Cache/vivado2023.2/vivado2023.2.xpr
WARNING: [Board 49-26] cannot add Board Part xilinx.com:kc705:part0:1.6 available at C:/Xilinx/Vivado/2023.2/data/xhub/boards/XilinxBoardStore/boards/Xilinx/kc705/1.6/board.xml as part xc7k325tffg900-2 specified in board_part file is either invalid or not available
WARNING: [Board 49-26] cannot add Board Part xilinx.com:kcu105:part0:1.6 available at C:/Xilinx/Vivado/2023.2/data/xhub/boards/XilinxBoardStore/boards/Xilinx/kcu105/1.6/board.xml as part xcku040-ffva1156-2-e specified in board_part file is either invalid or not available
WARNING: [Board 49-26] cannot add Board Part xilinx.com:kcu105:part0:1.7 available at C:/Xilinx/Vivado/2023.2/data/xhub/boards/XilinxBoardStore/boards/Xilinx/kcu105/1.7/board.xml as part xcku040-ffva1156-2-e specified in board_part file is either invalid or not available
WARNING: [Board 49-26] cannot add Board Part xilinx.com:kcu1500:part0:1.2 available at C:/Xilinx/Vivado/2023.2/data/xhub/boards/XilinxBoardStore/boards/Xilinx/kcu1500/1.2/board.xml as part xcku115-flvb2104-2-e specified in board_part file is either invalid or not available
WARNING: [Board 49-26] cannot add Board Part xilinx.com:vc707:part0:1.4 available at C:/Xilinx/Vivado/2023.2/data/xhub/boards/XilinxBoardStore/boards/Xilinx/vc707/1.4/board.xml as part xc7vx485tffg1761-2 specified in board_part file is either invalid or not available
WARNING: [Board 49-26] cannot add Board Part xilinx.com:vc709:part0:1.8 available at C:/Xilinx/Vivado/2023.2/data/xhub/boards/XilinxBoardStore/boards/Xilinx/vc709/1.8/board.xml as part xc7vx690tffg1761-2 specified in board_part file is either invalid or not available
WARNING: [Board 49-26] cannot add Board Part xilinx.com:vck190:part0:2.2 available at C:/Xilinx/Vivado/2023.2/data/xhub/boards/XilinxBoardStore/boards/Xilinx/vck190/production/2.2/board.xml as part xcvc1902-vsva2197-2mp-e-s specified in board_part file is either invalid or not available
WARNING: [Board 49-26] cannot add Board Part xilinx.com:vck190:part0:3.0 available at C:/Xilinx/Vivado/2023.2/data/xhub/boards/XilinxBoardStore/boards/Xilinx/vck190/production/3.0/board.xml as part xcvc1902-vsva2197-2mp-e-s specified in board_part file is either invalid or not available
WARNING: [Board 49-26] cannot add Board Part xilinx.com:vck190:part0:3.1 available at C:/Xilinx/Vivado/2023.2/data/xhub/boards/XilinxBoardStore/boards/Xilinx/vck190/production/3.1/board.xml as part xcvc1902-vsva2197-2mp-e-s specified in board_part file is either invalid or not available
WARNING: [Board 49-26] cannot add Board Part xilinx.com:vck190:part0:3.2 available at C:/Xilinx/Vivado/2023.2/data/xhub/boards/XilinxBoardStore/boards/Xilinx/vck190/production/3.2/board.xml as part xcvc1902-vsva2197-2mp-e-s specified in board_part file is either invalid or not available
WARNING: [Board 49-26] cannot add Board Part xilinx.com:vck190_newl:part0:1.0 available at C:/Xilinx/Vivado/2023.2/data/xhub/boards/XilinxBoardStore/boards/Xilinx/vck190_newl/production/1.0/board.xml as part xcvc1902-vsva2197-2mp-e-s specified in board_part file is either invalid or not available
WARNING: [Board 49-26] cannot add Board Part xilinx.com:vck190_newl:part0:1.1 available at C:/Xilinx/Vivado/2023.2/data/xhub/boards/XilinxBoardStore/boards/Xilinx/vck190_newl/production/1.1/board.xml as part xcvc1902-vsva2197-2mp-e-s specified in board_part file is either invalid or not available
WARNING: [Board 49-26] cannot add Board Part xilinx.com:vcu108:part0:1.6 available at C:/Xilinx/Vivado/2023.2/data/xhub/boards/XilinxBoardStore/boards/Xilinx/vcu108/1.6/board.xml as part xcvu095-ffva2104-2-e specified in board_part file is either invalid or not available
WARNING: [Board 49-26] cannot add Board Part xilinx.com:vcu108:part0:1.7 available at C:/Xilinx/Vivado/2023.2/data/xhub/boards/XilinxBoardStore/boards/Xilinx/vcu108/1.7/board.xml as part xcvu095-ffva2104-2-e specified in board_part file is either invalid or not available
WARNING: [Board 49-26] cannot add Board Part xilinx.com:vcu110:part0:1.4 available at C:/Xilinx/Vivado/2023.2/data/xhub/boards/XilinxBoardStore/boards/Xilinx/vcu110/1.4/board.xml as part xcvu190-flgc2104-2-e specified in board_part file is either invalid or not available
WARNING: [Board 49-26] cannot add Board Part xilinx.com:vcu118:part0:2.0 available at C:/Xilinx/Vivado/2023.2/data/xhub/boards/XilinxBoardStore/boards/Xilinx/vcu118/2.0/board.xml as part xcvu9p-flga2104-2l-e specified in board_part file is either invalid or not available
WARNING: [Board 49-26] cannot add Board Part xilinx.com:vcu118:part0:2.3 available at C:/Xilinx/Vivado/2023.2/data/xhub/boards/XilinxBoardStore/boards/Xilinx/vcu118/2.3/board.xml as part xcvu9p-flga2104-2l-e specified in board_part file is either invalid or not available
WARNING: [Board 49-26] cannot add Board Part xilinx.com:vcu118:part0:2.4 available at C:/Xilinx/Vivado/2023.2/data/xhub/boards/XilinxBoardStore/boards/Xilinx/vcu118/2.4/board.xml as part xcvu9p-flga2104-2l-e specified in board_part file is either invalid or not available
WARNING: [Board 49-26] cannot add Board Part xilinx.com:vcu129:part0:1.0 available at C:/Xilinx/Vivado/2023.2/data/xhub/boards/XilinxBoardStore/boards/Xilinx/vcu129/production/1.0/board.xml as part xcvu29p-fsga2577-2l-e specified in board_part file is either invalid or not available
WARNING: [Board 49-26] cannot add Board Part xilinx.com:vcu1525:part0:1.3 available at C:/Xilinx/Vivado/2023.2/data/xhub/boards/XilinxBoardStore/boards/Xilinx/vcu1525/1.3/board.xml as part xcvu9p-fsgd2104-2l-e specified in board_part file is either invalid or not available
WARNING: [Board 49-26] cannot add Board Part xilinx.com:vek280:part0:1.0 available at C:/Xilinx/Vivado/2023.2/data/xhub/boards/XilinxBoardStore/boards/Xilinx/vek280/production/1.0/board.xml as part xcve2802-vsvh1760-2mp-e-s specified in board_part file is either invalid or not available
WARNING: [Board 49-26] cannot add Board Part xilinx.com:vek280_es:part0:1.0 available at C:/Xilinx/Vivado/2023.2/data/xhub/boards/XilinxBoardStore/boards/Xilinx/vek280/es/rev_a/1.0/board.xml as part xcve2802-vsvh1760-2lp-e-s-es1 specified in board_part file is either invalid or not available
WARNING: [Board 49-26] cannot add Board Part xilinx.com:vek280_es:part0:1.1 available at C:/Xilinx/Vivado/2023.2/data/xhub/boards/XilinxBoardStore/boards/Xilinx/vek280/es/rev_a/1.1/board.xml as part xcve2802-vsvh1760-2lp-e-s-es1 specified in board_part file is either invalid or not available
WARNING: [Board 49-26] cannot add Board Part xilinx.com:vek280_es_revb:part0:1.0 available at C:/Xilinx/Vivado/2023.2/data/xhub/boards/XilinxBoardStore/boards/Xilinx/vek280/es/rev_b/1.0/board.xml as part xcve2802-vsvh1760-2mp-e-s-es1 specified in board_part file is either invalid or not available
WARNING: [Board 49-26] cannot add Board Part xilinx.com:vek280_es_revb:part0:1.1 available at C:/Xilinx/Vivado/2023.2/data/xhub/boards/XilinxBoardStore/boards/Xilinx/vek280/es/rev_b/1.1/board.xml as part xcve2802-vsvh1760-2mp-e-s-es1 specified in board_part file is either invalid or not available
WARNING: [Board 49-26] cannot add Board Part xilinx.com:vermeo_t1_mpsoc:part0:1.0 available at C:/Xilinx/Vivado/2023.2/data/xhub/boards/XilinxBoardStore/boards/Xilinx/vermeo_t1_mpsoc/1.0/board.xml as part xczu19eg-ffvd1760-2l-e specified in board_part file is either invalid or not available
WARNING: [Board 49-26] cannot add Board Part xilinx.com:vermeo_t1_rfsoc:part0:1.0 available at C:/Xilinx/Vivado/2023.2/data/xhub/boards/XilinxBoardStore/boards/Xilinx/vermeo_t1_rfsoc/1.0/board.xml as part xczu21dr-ffvd1156-2l-e specified in board_part file is either invalid or not available
WARNING: [Board 49-26] cannot add Board Part xilinx.com:vhk158:part0:1.0 available at C:/Xilinx/Vivado/2023.2/data/xhub/boards/XilinxBoardStore/boards/Xilinx/vhk158/production/1.0/board.xml as part xcvh1582-vsva3697-2mp-e-s specified in board_part file is either invalid or not available
WARNING: [Board 49-26] cannot add Board Part xilinx.com:vhk158:part0:1.1 available at C:/Xilinx/Vivado/2023.2/data/xhub/boards/XilinxBoardStore/boards/Xilinx/vhk158/production/1.1/board.xml as part xcvh1582-vsva3697-2mp-e-s specified in board_part file is either invalid or not available
WARNING: [Board 49-26] cannot add Board Part xilinx.com:vhk158_es:part0:1.0 available at C:/Xilinx/Vivado/2023.2/data/xhub/boards/XilinxBoardStore/boards/Xilinx/vhk158/es/1.0/board.xml as part xcvh1582-vsva3697-2mp-e-s-es1 specified in board_part file is either invalid or not available
WARNING: [Board 49-26] cannot add Board Part xilinx.com:vhk158_es:part0:1.1 available at C:/Xilinx/Vivado/2023.2/data/xhub/boards/XilinxBoardStore/boards/Xilinx/vhk158/es/1.1/board.xml as part xcvh1582-vsva3697-2mp-e-s-es1 specified in board_part file is either invalid or not available
WARNING: [Board 49-26] cannot add Board Part xilinx.com:vmk180:part0:2.2 available at C:/Xilinx/Vivado/2023.2/data/xhub/boards/XilinxBoardStore/boards/Xilinx/vmk180/production/2.2/board.xml as part xcvm1802-vsva2197-2mp-e-s specified in board_part file is either invalid or not available
WARNING: [Board 49-26] cannot add Board Part xilinx.com:vmk180:part0:3.0 available at C:/Xilinx/Vivado/2023.2/data/xhub/boards/XilinxBoardStore/boards/Xilinx/vmk180/production/3.0/board.xml as part xcvm1802-vsva2197-2mp-e-s specified in board_part file is either invalid or not available
WARNING: [Board 49-26] cannot add Board Part xilinx.com:vmk180:part0:3.1 available at C:/Xilinx/Vivado/2023.2/data/xhub/boards/XilinxBoardStore/boards/Xilinx/vmk180/production/3.1/board.xml as part xcvm1802-vsva2197-2mp-e-s specified in board_part file is either invalid or not available
WARNING: [Board 49-26] cannot add Board Part xilinx.com:vmk180:part0:3.2 available at C:/Xilinx/Vivado/2023.2/data/xhub/boards/XilinxBoardStore/boards/Xilinx/vmk180/production/3.2/board.xml as part xcvm1802-vsva2197-2mp-e-s specified in board_part file is either invalid or not available
WARNING: [Board 49-26] cannot add Board Part xilinx.com:vmk180_newl:part0:1.0 available at C:/Xilinx/Vivado/2023.2/data/xhub/boards/XilinxBoardStore/boards/Xilinx/vmk180_newl/production/1.0/board.xml as part xcvm1802-vsva2197-2mp-e-s specified in board_part file is either invalid or not available
WARNING: [Board 49-26] cannot add Board Part xilinx.com:vmk180_newl:part0:1.1 available at C:/Xilinx/Vivado/2023.2/data/xhub/boards/XilinxBoardStore/boards/Xilinx/vmk180_newl/production/1.1/board.xml as part xcvm1802-vsva2197-2mp-e-s specified in board_part file is either invalid or not available
WARNING: [Board 49-26] cannot add Board Part xilinx.com:vpk120:part0:1.0 available at C:/Xilinx/Vivado/2023.2/data/xhub/boards/XilinxBoardStore/boards/Xilinx/vpk120/production/1.0/board.xml as part xcvp1202-vsva2785-2mp-e-s specified in board_part file is either invalid or not available
WARNING: [Board 49-26] cannot add Board Part xilinx.com:vpk120:part0:1.1 available at C:/Xilinx/Vivado/2023.2/data/xhub/boards/XilinxBoardStore/boards/Xilinx/vpk120/production/1.1/board.xml as part xcvp1202-vsva2785-2mp-e-s specified in board_part file is either invalid or not available
WARNING: [Board 49-26] cannot add Board Part xilinx.com:vpk120:part0:1.2 available at C:/Xilinx/Vivado/2023.2/data/xhub/boards/XilinxBoardStore/boards/Xilinx/vpk120/production/1.2/board.xml as part xcvp1202-vsva2785-2mp-e-s specified in board_part file is either invalid or not available
WARNING: [Board 49-26] cannot add Board Part xilinx.com:vpk180:part0:1.0 available at C:/Xilinx/Vivado/2023.2/data/xhub/boards/XilinxBoardStore/boards/Xilinx/vpk180/production/1.0/board.xml as part xcvp1802-lsvc4072-2mp-e-s specified in board_part file is either invalid or not available
WARNING: [Board 49-26] cannot add Board Part xilinx.com:vpk180:part0:1.1 available at C:/Xilinx/Vivado/2023.2/data/xhub/boards/XilinxBoardStore/boards/Xilinx/vpk180/production/1.1/board.xml as part xcvp1802-lsvc4072-2mp-e-s specified in board_part file is either invalid or not available
WARNING: [Board 49-26] cannot add Board Part xilinx.com:zc706:part0:1.4 available at C:/Xilinx/Vivado/2023.2/data/xhub/boards/XilinxBoardStore/boards/Xilinx/zc706/1.4/board.xml as part xc7z045ffg900-2 specified in board_part file is either invalid or not available
WARNING: [Board 49-26] cannot add Board Part xilinx.com:zcu102:part0:3.3 available at C:/Xilinx/Vivado/2023.2/data/xhub/boards/XilinxBoardStore/boards/Xilinx/zcu102/3.3/board.xml as part xczu9eg-ffvb1156-2-e specified in board_part file is either invalid or not available
WARNING: [Board 49-26] cannot add Board Part xilinx.com:zcu102:part0:3.4 available at C:/Xilinx/Vivado/2023.2/data/xhub/boards/XilinxBoardStore/boards/Xilinx/zcu102/3.4/board.xml as part xczu9eg-ffvb1156-2-e specified in board_part file is either invalid or not available
WARNING: [Board 49-26] cannot add Board Part xilinx.com:zcu111:part0:1.2 available at C:/Xilinx/Vivado/2023.2/data/xhub/boards/XilinxBoardStore/boards/Xilinx/zcu111/1.2/board.xml as part xczu28dr-ffvg1517-2-e specified in board_part file is either invalid or not available
WARNING: [Board 49-26] cannot add Board Part xilinx.com:zcu111:part0:1.3 available at C:/Xilinx/Vivado/2023.2/data/xhub/boards/XilinxBoardStore/boards/Xilinx/zcu111/1.3/board.xml as part xczu28dr-ffvg1517-2-e specified in board_part file is either invalid or not available
WARNING: [Board 49-26] cannot add Board Part xilinx.com:zcu111:part0:1.4 available at C:/Xilinx/Vivado/2023.2/data/xhub/boards/XilinxBoardStore/boards/Xilinx/zcu111/1.4/board.xml as part xczu28dr-ffvg1517-2-e specified in board_part file is either invalid or not available
WARNING: [Board 49-26] cannot add Board Part xilinx.com:zcu1275:part0:1.0 available at C:/Xilinx/Vivado/2023.2/data/xhub/boards/XilinxBoardStore/boards/Xilinx/zcu1275/1.0/board.xml as part xczu29dr-ffvf1760-2-e specified in board_part file is either invalid or not available
WARNING: [Board 49-26] cannot add Board Part xilinx.com:zcu1285:part0:1.0 available at C:/Xilinx/Vivado/2023.2/data/xhub/boards/XilinxBoardStore/boards/Xilinx/zcu1285/1.0/board.xml as part xczu39dr-ffvf1760-2-i specified in board_part file is either invalid or not available
WARNING: [Board 49-26] cannot add Board Part xilinx.com:zcu208:part0:2.0 available at C:/Xilinx/Vivado/2023.2/data/xhub/boards/XilinxBoardStore/boards/Xilinx/zcu208/production/2.0/board.xml as part xczu48dr-fsvg1517-2-e specified in board_part file is either invalid or not available
WARNING: [Board 49-26] cannot add Board Part xilinx.com:zcu208ld:part0:2.0 available at C:/Xilinx/Vivado/2023.2/data/xhub/boards/XilinxBoardStore/boards/Xilinx/zcu208ld/production/2.0/board.xml as part xczu58dr-fsvg1517-2-i specified in board_part file is either invalid or not available
WARNING: [Board 49-26] cannot add Board Part xilinx.com:zcu216:part0:2.0 available at C:/Xilinx/Vivado/2023.2/data/xhub/boards/XilinxBoardStore/boards/Xilinx/zcu216/production/2.0/board.xml as part xczu49dr-ffvf1760-2-e specified in board_part file is either invalid or not available
WARNING: [Board 49-26] cannot add Board Part xilinx.com:zcu216ld:part0:2.0 available at C:/Xilinx/Vivado/2023.2/data/xhub/boards/XilinxBoardStore/boards/Xilinx/zcu216ld/production/2.0/board.xml as part xczu59dr-ffvf1760-2-i specified in board_part file is either invalid or not available
WARNING: [Board 49-26] cannot add Board Part xilinx.com:zcu670:part0:2.0 available at C:/Xilinx/Vivado/2023.2/data/xhub/boards/XilinxBoardStore/boards/Xilinx/zcu670/2.0/board.xml as part xczu67dr-fsve1156-2-i specified in board_part file is either invalid or not available
WARNING: [Board 49-26] cannot add Board Part xilinx.com:zcu670ld:part0:1.0 available at C:/Xilinx/Vivado/2023.2/data/xhub/boards/XilinxBoardStore/boards/Xilinx/zcu670ld/1.0/board.xml as part xczu57dr-fsve1156-2-i specified in board_part file is either invalid or not available
INFO: [filemgmt 56-3] Default IP Output Path : Could not find the directory 'C:/Users/D4nny/Documents/HDL/Cache/vivado2023.2/vivado2023.2.gen/sources_1'.
Scanning sources...
Finished scanning sources
INFO: [IP_Flow 19-234] Refreshing IP repositories
INFO: [IP_Flow 19-1704] No user IP repositories specified
INFO: [IP_Flow 19-2313] Loaded Vivado IP repository 'C:/Xilinx/Vivado/2023.2/data/ip'.
open_project: Time (s): cpu = 00:00:05 ; elapsed = 00:00:06 . Memory (MB): peak = 1549.176 ; gain = 389.191
update_compile_order -fileset sources_1
launch_simulation
Command: launch_simulation 
INFO: [Vivado 12-12493] Simulation top is 'OtterMemoryTB'
WARNING: [Vivado 12-13340] Unable to auto find GCC executables from simulator install path! (path not set)
INFO: [Vivado 12-5682] Launching behavioral simulation in 'C:/Users/D4nny/Documents/HDL/Cache/vivado2023.2/vivado2023.2.sim/sim_1/behav/xsim'
INFO: [SIM-utils-51] Simulation object is 'sim_1'
INFO: [SIM-utils-72] Using boost library from 'C:/Xilinx/Vivado/2023.2/tps/boost_1_72_0'
INFO: [SIM-utils-54] Inspecting design source files for 'OtterMemoryTB' in fileset 'sim_1'...
INFO: [SIM-utils-43] Exported 'C:/Users/D4nny/Documents/HDL/Cache/vivado2023.2/vivado2023.2.sim/sim_1/behav/xsim/otter_mem.mem'
INFO: [USF-XSim-97] Finding global include files...
INFO: [USF-XSim-98] Fetching design files from 'sim_1'...
INFO: [USF-XSim-2] XSim::Compile design
INFO: [USF-XSim-61] Executing 'COMPILE and ANALYZE' step in 'C:/Users/D4nny/Documents/HDL/Cache/vivado2023.2/vivado2023.2.sim/sim_1/behav/xsim'
"xvlog --incr --relax -L uvm -prj OtterMemoryTB_vlog.prj"
ECHO is off.
ECHO is off.
INFO: [VRFC 10-2263] Analyzing SystemVerilog file "C:/Users/D4nny/Documents/HDL/Cache/rtl/CacheLineAdapter.sv" into library xil_defaultlib
INFO: [VRFC 10-311] analyzing module CacheLineAdapter
INFO: [VRFC 10-2263] Analyzing SystemVerilog file "C:/Users/D4nny/Documents/HDL/Cache/rtl/DataL1.sv" into library xil_defaultlib
INFO: [VRFC 10-311] analyzing module DataL1
INFO: [VRFC 10-2263] Analyzing SystemVerilog file "C:/Users/D4nny/Documents/HDL/Cache/rtl/InstructionL1.sv" into library xil_defaultlib
INFO: [VRFC 10-311] analyzing module InstrL1
INFO: [VRFC 10-2263] Analyzing SystemVerilog file "C:/Users/D4nny/Documents/HDL/Cache/rtl/MainMemory.sv" into library xil_defaultlib
INFO: [VRFC 10-311] analyzing module MainMemory
INFO: [VRFC 10-2263] Analyzing SystemVerilog file "C:/Users/D4nny/Documents/HDL/Cache/rtl/Memory.sv" into library xil_defaultlib
INFO: [VRFC 10-311] analyzing module OtterMemory
INFO: [VRFC 10-2263] Analyzing SystemVerilog file "C:/Users/D4nny/Documents/HDL/Cache/rtl/cacheController.sv" into library xil_defaultlib
INFO: [VRFC 10-311] analyzing module CacheController
INFO: [VRFC 10-2263] Analyzing SystemVerilog file "C:/Users/D4nny/Documents/HDL/Cache/verification/test_cache.sv" into library xil_defaultlib
INFO: [VRFC 10-311] analyzing module OtterMemoryTB
WARNING: [VRFC 10-3824] variable 'byte_offset' must explicitly be declared as automatic or static [C:/Users/D4nny/Documents/HDL/Cache/verification/test_cache.sv:172]
WARNING: [VRFC 10-3824] variable 'word_offset' must explicitly be declared as automatic or static [C:/Users/D4nny/Documents/HDL/Cache/verification/test_cache.sv:173]
WARNING: [VRFC 10-3824] variable 'index_offset' must explicitly be declared as automatic or static [C:/Users/D4nny/Documents/HDL/Cache/verification/test_cache.sv:174]
WARNING: [VRFC 10-3824] variable 'tag' must explicitly be declared as automatic or static [C:/Users/D4nny/Documents/HDL/Cache/verification/test_cache.sv:176]
WARNING: [VRFC 10-3824] variable 'data_tag_start' must explicitly be declared as automatic or static [C:/Users/D4nny/Documents/HDL/Cache/verification/test_cache.sv:177]
INFO: [USF-XSim-69] 'compile' step finished in '2' seconds
INFO: [USF-XSim-3] XSim::Elaborate design
INFO: [USF-XSim-61] Executing 'ELABORATE' step in 'C:/Users/D4nny/Documents/HDL/Cache/vivado2023.2/vivado2023.2.sim/sim_1/behav/xsim'
"xelab --incr --debug typical --relax --mt 2 -L xil_defaultlib -L uvm -L unisims_ver -L unimacro_ver -L secureip --snapshot OtterMemoryTB_behav xil_defaultlib.OtterMemoryTB xil_defaultlib.glbl -log elaborate.log"
ECHO is off.
ECHO is off.
Vivado Simulator v2023.2
Copyright 1986-2022 Xilinx, Inc. All Rights Reserved.
Copyright 2022-2023 Advanced Micro Devices, Inc. All Rights Reserved.
Running: C:/Xilinx/Vivado/2023.2/bin/unwrapped/win64.o/xelab.exe --incr --debug typical --relax --mt 2 -L xil_defaultlib -L uvm -L unisims_ver -L unimacro_ver -L secureip --snapshot OtterMemoryTB_behav xil_defaultlib.OtterMemoryTB xil_defaultlib.glbl -log elaborate.log 
Using 2 slave threads.
Starting static elaboration
Pass Through NonSizing Optimizer
WARNING: [VRFC 10-8967] first argument of $fatal is invalid; expected 0, 1 or 2 [C:/Users/D4nny/Documents/HDL/Cache/verification/test_cache.sv:228]
WARNING: [VRFC 10-8967] first argument of $fatal is invalid; expected 0, 1 or 2 [C:/Users/D4nny/Documents/HDL/Cache/verification/test_cache.sv:229]
WARNING: [VRFC 10-8967] first argument of $fatal is invalid; expected 0, 1 or 2 [C:/Users/D4nny/Documents/HDL/Cache/verification/test_cache.sv:131]
WARNING: [VRFC 10-8967] first argument of $fatal is invalid; expected 0, 1 or 2 [C:/Users/D4nny/Documents/HDL/Cache/verification/test_cache.sv:142]
WARNING: [VRFC 10-8967] first argument of $fatal is invalid; expected 0, 1 or 2 [C:/Users/D4nny/Documents/HDL/Cache/verification/test_cache.sv:153]
WARNING: [VRFC 10-8967] first argument of $fatal is invalid; expected 0, 1 or 2 [C:/Users/D4nny/Documents/HDL/Cache/verification/test_cache.sv:164]
WARNING: [VRFC 10-8967] first argument of $fatal is invalid; expected 0, 1 or 2 [C:/Users/D4nny/Documents/HDL/Cache/verification/test_cache.sv:211]
Completed static elaboration
INFO: [XSIM 43-4329] Assuming default value 1 for the first arguement of $fatal at Line 131, File C:/Users/D4nny/Documents/HDL/Cache/verification/test_cache.sv
INFO: [XSIM 43-4329] Assuming default value 1 for the first arguement of $fatal at Line 142, File C:/Users/D4nny/Documents/HDL/Cache/verification/test_cache.sv
INFO: [XSIM 43-4329] Assuming default value 1 for the first arguement of $fatal at Line 153, File C:/Users/D4nny/Documents/HDL/Cache/verification/test_cache.sv
INFO: [XSIM 43-4329] Assuming default value 1 for the first arguement of $fatal at Line 164, File C:/Users/D4nny/Documents/HDL/Cache/verification/test_cache.sv
INFO: [XSIM 43-4329] Assuming default value 1 for the first arguement of $fatal at Line 211, File C:/Users/D4nny/Documents/HDL/Cache/verification/test_cache.sv
INFO: [XSIM 43-4329] Assuming default value 1 for the first arguement of $fatal at Line 228, File C:/Users/D4nny/Documents/HDL/Cache/verification/test_cache.sv
INFO: [XSIM 43-4329] Assuming default value 1 for the first arguement of $fatal at Line 229, File C:/Users/D4nny/Documents/HDL/Cache/verification/test_cache.sv
Starting simulation data flow analysis
WARNING: [XSIM 43-4099] "C:/Users/D4nny/Documents/HDL/Cache/rtl/Memory.sv" Line 9. Module OtterMemory_default doesn't have a timescale but at least one module in design has a timescale.
WARNING: [XSIM 43-4099] "C:/Users/D4nny/Documents/HDL/Cache/rtl/InstructionL1.sv" Line 20. Module InstrL1_default doesn't have a timescale but at least one module in design has a timescale.
WARNING: [XSIM 43-4099] "C:/Users/D4nny/Documents/HDL/Cache/rtl/DataL1.sv" Line 26. Module DataL1_default doesn't have a timescale but at least one module in design has a timescale.
WARNING: [XSIM 43-4099] "C:/Users/D4nny/Documents/HDL/Cache/rtl/CacheLineAdapter.sv" Line 2. Module CacheLineAdapter_default doesn't have a timescale but at least one module in design has a timescale.
WARNING: [XSIM 43-4099] "C:/Users/D4nny/Documents/HDL/Cache/rtl/MainMemory.sv" Line 18. Module MainMemory(BURST_LEN=8) doesn't have a timescale but at least one module in design has a timescale.
WARNING: [XSIM 43-4099] "C:/Users/D4nny/Documents/HDL/Cache/rtl/cacheController.sv" Line 31. Module CacheController doesn't have a timescale but at least one module in design has a timescale.
WARNING: [XSIM 43-4099] "C:/Users/D4nny/Documents/HDL/Cache/rtl/Memory.sv" Line 9. Module OtterMemory_default doesn't have a timescale but at least one module in design has a timescale.
WARNING: [XSIM 43-4099] "C:/Users/D4nny/Documents/HDL/Cache/rtl/InstructionL1.sv" Line 20. Module InstrL1_default doesn't have a timescale but at least one module in design has a timescale.
WARNING: [XSIM 43-4099] "C:/Users/D4nny/Documents/HDL/Cache/rtl/DataL1.sv" Line 26. Module DataL1_default doesn't have a timescale but at least one module in design has a timescale.
WARNING: [XSIM 43-4099] "C:/Users/D4nny/Documents/HDL/Cache/rtl/CacheLineAdapter.sv" Line 2. Module CacheLineAdapter_default doesn't have a timescale but at least one module in design has a timescale.
WARNING: [XSIM 43-4099] "C:/Users/D4nny/Documents/HDL/Cache/rtl/MainMemory.sv" Line 18. Module MainMemory(BURST_LEN=8) doesn't have a timescale but at least one module in design has a timescale.
WARNING: [XSIM 43-4099] "C:/Users/D4nny/Documents/HDL/Cache/rtl/cacheController.sv" Line 31. Module CacheController doesn't have a timescale but at least one module in design has a timescale.
Completed simulation data flow analysis
Time Resolution for simulation is 1ps
Compiling module xil_defaultlib.InstrL1_default
Compiling module xil_defaultlib.DataL1_default
Compiling module xil_defaultlib.CacheLineAdapter_default
Compiling module xil_defaultlib.MainMemory(BURST_LEN=8)
Compiling module xil_defaultlib.CacheController
Compiling module xil_defaultlib.OtterMemory_default
Compiling module xil_defaultlib.tb_clk
Compiling module xil_defaultlib.OtterMemoryTB
Compiling module xil_defaultlib.glbl
Built simulation snapshot OtterMemoryTB_behav
INFO: [USF-XSim-69] 'elaborate' step finished in '4' seconds
INFO: [USF-XSim-4] XSim::Simulate design
INFO: [USF-XSim-61] Executing 'SIMULATE' step in 'C:/Users/D4nny/Documents/HDL/Cache/vivado2023.2/vivado2023.2.sim/sim_1/behav/xsim'
INFO: [USF-XSim-98] *** Running xsim
   with args "OtterMemoryTB_behav -key {Behavioral:sim_1:Functional:OtterMemoryTB} -tclbatch {OtterMemoryTB.tcl} -view {C:/Users/D4nny/Documents/HDL/Cache/vivado2023.2/cache_tb_behav.wcfg} -view {C:/Users/D4nny/Documents/HDL/Cache/vivado2023.2/mm_tb_behav.wcfg} -log {simulate.log}"
INFO: [USF-XSim-8] Loading simulator feature
Time resolution is 1 ps
open_wave_config C:/Users/D4nny/Documents/HDL/Cache/vivado2023.2/cache_tb_behav.wcfg
WARNING: Simulation object /cache_tb/clk was not found in the design.
WARNING: Simulation object /cache_tb/reset was not found in the design.
WARNING: Simulation object /cache_tb/we1 was not found in the design.
WARNING: Simulation object /cache_tb/read_en1 was not found in the design.
WARNING: Simulation object /cache_tb/addr1 was not found in the design.
WARNING: Simulation object /cache_tb/dout1 was not found in the design.
WARNING: Simulation object /cache_tb/memValid1 was not found in the design.
WARNING: Simulation object /cache_tb/din2 was not found in the design.
WARNING: Simulation object /cache_tb/addr2 was not found in the design.
WARNING: Simulation object /cache_tb/addr2 was not found in the design.
WARNING: Simulation object /cache_tb/dout2 was not found in the design.
WARNING: Simulation object /cache_tb/sign was not found in the design.
WARNING: Simulation object /cache_tb/size was not found in the design.
WARNING: Simulation object /cache_tb/read_en2 was not found in the design.
WARNING: Simulation object /cache_tb/we2 was not found in the design.
WARNING: Simulation object /cache_tb/memValid2 was not found in the design.
WARNING: Simulation object /cache_tb/DUT/cache_controller/state was not found in the design.
WARNING: Simulation object /cache_tb/DUT/cache_controller/next_state was not found in the design.
WARNING: Simulation object /cache_tb/DUT/RST was not found in the design.
WARNING: Simulation object /cache_tb/DUT/MEM_CLK was not found in the design.
WARNING: Simulation object /cache_tb/DUT/MEM_RDEN1 was not found in the design.
WARNING: Simulation object /cache_tb/DUT/MEM_RDEN2 was not found in the design.
WARNING: Simulation object /cache_tb/DUT/MEM_WE2 was not found in the design.
WARNING: Simulation object /cache_tb/DUT/MEM_ADDR1 was not found in the design.
WARNING: Simulation object /cache_tb/DUT/MEM_ADDR2 was not found in the design.
WARNING: Simulation object /cache_tb/DUT/MEM_DIN2 was not found in the design.
WARNING: Simulation object /cache_tb/DUT/MEM_SIZE was not found in the design.
WARNING: Simulation object /cache_tb/DUT/MEM_SIGN was not found in the design.
WARNING: Simulation object /cache_tb/DUT/MEM_DOUT1 was not found in the design.
WARNING: Simulation object /cache_tb/DUT/MEM_DOUT2 was not found in the design.
WARNING: Simulation object /cache_tb/DUT/mem_addr_valid1 was not found in the design.
WARNING: Simulation object /cache_tb/DUT/memValid1 was not found in the design.
WARNING: Simulation object /cache_tb/DUT/memValid2 was not found in the design.
WARNING: Simulation object /cache_tb/DUT/imem_hit was not found in the design.
WARNING: Simulation object /cache_tb/DUT/cl_full was not found in the design.
WARNING: Simulation object /cache_tb/DUT/instr_mem/clk was not found in the design.
WARNING: Simulation object /cache_tb/DUT/instr_mem/reset was not found in the design.
WARNING: Simulation object /cache_tb/DUT/instr_mem/we was not found in the design.
WARNING: Simulation object /cache_tb/DUT/instr_mem/addr was not found in the design.
WARNING: Simulation object /cache_tb/DUT/instr_mem/addr was not found in the design.
WARNING: Simulation object /cache_tb/DUT/instr_mem/data was not found in the design.
WARNING: Simulation object /cache_tb/DUT/instr_mem/dout was not found in the design.
WARNING: Simulation object /cache_tb/DUT/instr_mem/hit was not found in the design.
WARNING: Simulation object /cache_tb/DUT/instr_mem/hit0 was not found in the design.
WARNING: Simulation object /cache_tb/DUT/instr_mem/hit1 was not found in the design.
WARNING: Simulation object /cache_tb/DUT/instr_mem/set0 was not found in the design.
WARNING: Simulation object /cache_tb/DUT/instr_mem/set1 was not found in the design.
WARNING: Simulation object /cache_tb/DUT/instr_mem/tag0 was not found in the design.
WARNING: Simulation object /cache_tb/DUT/instr_mem/tag1 was not found in the design.
WARNING: Simulation object /cache_tb/DUT/instr_mem/valid0 was not found in the design.
WARNING: Simulation object /cache_tb/DUT/instr_mem/valid1 was not found in the design.
WARNING: Simulation object /cache_tb/DUT/instr_mem/lru_bits was not found in the design.
WARNING: Simulation object /cache_tb/DUT/instr_mem/line_buffer was not found in the design.
WARNING: Simulation object /cache_tb/DUT/instr_mem/word_offset was not found in the design.
WARNING: Simulation object /cache_tb/DUT/instr_mem/set_index was not found in the design.
WARNING: Simulation object /cache_tb/DUT/instr_mem/tag was not found in the design.
WARNING: Simulation object /cache_tb/DUT/data_mem/clk was not found in the design.
WARNING: Simulation object /cache_tb/DUT/data_mem/reset was not found in the design.
WARNING: Simulation object /cache_tb/DUT/data_mem/we was not found in the design.
WARNING: Simulation object /cache_tb/DUT/data_mem/we_cache was not found in the design.
WARNING: Simulation object /cache_tb/DUT/data_mem/sign was not found in the design.
WARNING: Simulation object /cache_tb/DUT/data_mem/size was not found in the design.
WARNING: Simulation object /cache_tb/DUT/data_mem/addr was not found in the design.
WARNING: Simulation object /cache_tb/DUT/data_mem/addr was not found in the design.
WARNING: Simulation object /cache_tb/DUT/data_mem/data was not found in the design.
WARNING: Simulation object /cache_tb/DUT/data_mem/aout was not found in the design.
WARNING: Simulation object /cache_tb/DUT/data_mem/dout was not found in the design.
WARNING: Simulation object /cache_tb/DUT/data_mem/hit was not found in the design.
WARNING: Simulation object /cache_tb/DUT/data_mem/dirty was not found in the design.
WARNING: Simulation object /cache_tb/DUT/data_mem/set0 was not found in the design.
WARNING: Simulation object /cache_tb/DUT/data_mem/set1 was not found in the design.
WARNING: Simulation object /cache_tb/DUT/data_mem/tag0 was not found in the design.
WARNING: Simulation object /cache_tb/DUT/data_mem/tag1 was not found in the design.
WARNING: Simulation object /cache_tb/DUT/data_mem/dirty0 was not found in the design.
WARNING: Simulation object /cache_tb/DUT/data_mem/dirty1 was not found in the design.
WARNING: Simulation object /cache_tb/DUT/data_mem/valid0 was not found in the design.
WARNING: Simulation object /cache_tb/DUT/data_mem/valid1 was not found in the design.
WARNING: Simulation object /cache_tb/DUT/data_mem/lru_bits was not found in the design.
WARNING: Simulation object /cache_tb/DUT/data_mem/line_buffer was not found in the design.
WARNING: Simulation object /cache_tb/DUT/data_mem/word_buffer was not found in the design.
WARNING: Simulation object /cache_tb/DUT/data_mem/word_offset was not found in the design.
WARNING: Simulation object /cache_tb/DUT/data_mem/set_index was not found in the design.
WARNING: Simulation object /cache_tb/DUT/data_mem/tag was not found in the design.
WARNING: Simulation object /cache_tb/DUT/data_mem/byte_offset was not found in the design.
WARNING: Simulation object /cache_tb/DUT/data_mem/hit0 was not found in the design.
WARNING: Simulation object /cache_tb/DUT/data_mem/hit1 was not found in the design.
WARNING: Simulation object /cache_tb/DUT/cache_line_adapter/clk was not found in the design.
WARNING: Simulation object /cache_tb/DUT/cache_line_adapter/clr was not found in the design.
WARNING: Simulation object /cache_tb/DUT/cache_line_adapter/addr_i was not found in the design.
WARNING: Simulation object /cache_tb/DUT/cache_line_adapter/addr_i was not found in the design.
WARNING: Simulation object /cache_tb/DUT/cache_line_adapter/data_i was not found in the design.
WARNING: Simulation object /cache_tb/DUT/cache_line_adapter/we was not found in the design.
WARNING: Simulation object /cache_tb/DUT/cache_line_adapter/next was not found in the design.
WARNING: Simulation object /cache_tb/DUT/cache_line_adapter/addr_o was not found in the design.
WARNING: Simulation object /cache_tb/DUT/cache_line_adapter/data_o was not found in the design.
WARNING: Simulation object /cache_tb/DUT/cache_line_adapter/full was not found in the design.
WARNING: Simulation object /cache_tb/DUT/cache_line_adapter/counter was not found in the design.
WARNING: Simulation object /cache_tb/DUT/cache_line_adapter/line_buffer was not found in the design.
WARNING: Simulation object /cache_tb/DUT/SinglePortDelayMemory/CLK was not found in the design.
WARNING: Simulation object /cache_tb/DUT/SinglePortDelayMemory/RE was not found in the design.
WARNING: Simulation object /cache_tb/DUT/SinglePortDelayMemory/WE was not found in the design.
WARNING: Simulation object /cache_tb/DUT/SinglePortDelayMemory/DATA_IN was not found in the design.
WARNING: Simulation object /cache_tb/DUT/SinglePortDelayMemory/ADDR was not found in the design.
WARNING: Simulation object /cache_tb/DUT/SinglePortDelayMemory/MEM_VALID was not found in the design.
WARNING: Simulation object /cache_tb/DUT/SinglePortDelayMemory/DATA_OUT was not found in the design.
WARNING: Simulation object /cache_tb/DUT/SinglePortDelayMemory/DELAY_CYCLES was not found in the design.
WARNING: Simulation object /cache_tb/DUT/SinglePortDelayMemory/BURST_LEN was not found in the design.
WARNING: Simulation object /cache_tb/DUT/cache_controller/clk was not found in the design.
WARNING: Simulation object /cache_tb/DUT/cache_controller/reset was not found in the design.
WARNING: Simulation object /cache_tb/DUT/cache_controller/re_imem was not found in the design.
WARNING: Simulation object /cache_tb/DUT/cache_controller/hit_imem was not found in the design.
WARNING: Simulation object /cache_tb/DUT/cache_controller/hit_dmem was not found in the design.
WARNING: Simulation object /cache_tb/DUT/cache_controller/dirty_dmem was not found in the design.
WARNING: Simulation object /cache_tb/DUT/cache_controller/full_cl was not found in the design.
WARNING: Simulation object /cache_tb/DUT/cache_controller/mem_valid_mm was not found in the design.
WARNING: Simulation object /cache_tb/DUT/cache_controller/clr was not found in the design.
WARNING: Simulation object /cache_tb/DUT/cache_controller/memValid1 was not found in the design.
WARNING: Simulation object /cache_tb/DUT/cache_controller/memValid2 was not found in the design.
WARNING: Simulation object /cache_tb/DUT/cache_controller/sel_cl was not found in the design.
WARNING: Simulation object /cache_tb/DUT/cache_controller/we_imem was not found in the design.
WARNING: Simulation object /cache_tb/DUT/cache_controller/we_dmem was not found in the design.
WARNING: Simulation object /cache_tb/DUT/cache_controller/we_cl was not found in the design.
WARNING: Simulation object /cache_tb/DUT/cache_controller/next_cl was not found in the design.
WARNING: Simulation object /cache_tb/DUT/cache_controller/re_mm was not found in the design.
WARNING: Simulation object /cache_tb/DUT/cache_controller/we_mm was not found in the design.
WARNING: Simulation object /cache_tb/DUT/cache_controller/state was not found in the design.
WARNING: Simulation object /cache_tb/DUT/cache_controller/next_state was not found in the design.
open_wave_config C:/Users/D4nny/Documents/HDL/Cache/vivado2023.2/mm_tb_behav.wcfg
WARNING: Simulation object /mm_tb/DUT/MEM_CLK was not found in the design.
WARNING: Simulation object /mm_tb/DUT/MEM_RE was not found in the design.
WARNING: Simulation object /mm_tb/DUT/MEM_WE was not found in the design.
WARNING: Simulation object /mm_tb/DUT/MEM_DATA_IN was not found in the design.
WARNING: Simulation object /mm_tb/DUT/MEM_ADDR was not found in the design.
WARNING: Simulation object /mm_tb/DUT/MEM_DOUT was not found in the design.
WARNING: Simulation object /mm_tb/DUT/memValid was not found in the design.
WARNING: Simulation object /mm_tb/DUT/state was not found in the design.
WARNING: Simulation object /mm_tb/DUT/next_state was not found in the design.
WARNING: Simulation object /mm_tb/DUT/up was not found in the design.
WARNING: Simulation object /mm_tb/DUT/rst was not found in the design.
WARNING: Simulation object /mm_tb/DUT/count was not found in the design.
WARNING: Simulation object /mm_tb/DUT/DELAY_CYCLES was not found in the design.
WARNING: Simulation object /mm_tb/DUT/BURST_WIDTH was not found in the design.
source OtterMemoryTB.tcl
# set curr_wave [current_wave_config]
# if { [string length $curr_wave] == 0 } {
#   if { [llength [get_objects]] > 0} {
#     add_wave /
#     set_property needs_save false [current_wave_config]
#   } else {
#      send_msg_id Add_Wave-1 WARNING "No top level signals found. Simulator will start without a wave window. If you want to open a wave window go to 'File->New Waveform Configuration' or type 'create_wave_config' in the TCL console."
#   }
# }
# run 1000ns
Starting test...
INFO: [USF-XSim-96] XSim completed. Design snapshot 'OtterMemoryTB_behav' loaded.
INFO: [USF-XSim-97] XSim simulation ran for 1000ns
launch_simulation: Time (s): cpu = 00:00:00 ; elapsed = 00:00:08 . Memory (MB): peak = 1638.191 ; gain = 82.488
WARNING: [filemgmt 56-199] Attempt to get parsing info during refresh. "On-the-fly" syntax checking information may be incorrect. [C:\Users\D4nny\Documents\HDL\Cache\rtl\Memory.sv:]
WARNING: [filemgmt 56-199] Attempt to get parsing info during refresh. "On-the-fly" syntax checking information may be incorrect. [C:\Users\D4nny\Documents\HDL\Cache\verification\test_cache.sv:]
WARNING: [filemgmt 56-199] Attempt to get parsing info during refresh. "On-the-fly" syntax checking information may be incorrect. [C:\Users\D4nny\Documents\HDL\Cache\rtl\MainMemory.sv:]
WARNING: [filemgmt 56-199] Attempt to get parsing info during refresh. "On-the-fly" syntax checking information may be incorrect. [C:\Users\D4nny\Documents\HDL\Cache\rtl\Memory.sv:]
WARNING: [filemgmt 56-199] Attempt to get parsing info during refresh. "On-the-fly" syntax checking information may be incorrect. [C:\Users\D4nny\Documents\HDL\Cache\verification\test_cache.sv:]
WARNING: [filemgmt 56-199] Attempt to get parsing info during refresh. "On-the-fly" syntax checking information may be incorrect. [C:\Users\D4nny\Documents\HDL\Cache\rtl\MainMemory.sv:]
update_compile_order -fileset sources_1
WARNING: [filemgmt 56-199] Attempt to get parsing info during refresh. "On-the-fly" syntax checking information may be incorrect. [C:\Users\D4nny\Documents\HDL\Cache\rtl\Memory.sv:]
WARNING: [filemgmt 56-199] Attempt to get parsing info during refresh. "On-the-fly" syntax checking information may be incorrect. [C:\Users\D4nny\Documents\HDL\Cache\verification\test_cache.sv:]
WARNING: [filemgmt 56-199] Attempt to get parsing info during refresh. "On-the-fly" syntax checking information may be incorrect. [C:\Users\D4nny\Documents\HDL\Cache\rtl\MainMemory.sv:]
WARNING: [filemgmt 56-199] Attempt to get parsing info during refresh. "On-the-fly" syntax checking information may be incorrect. [C:\Users\D4nny\Documents\HDL\Cache\rtl\Memory.sv:]
WARNING: [filemgmt 56-199] Attempt to get parsing info during refresh. "On-the-fly" syntax checking information may be incorrect. [C:\Users\D4nny\Documents\HDL\Cache\verification\test_cache.sv:]
WARNING: [filemgmt 56-199] Attempt to get parsing info during refresh. "On-the-fly" syntax checking information may be incorrect. [C:\Users\D4nny\Documents\HDL\Cache\rtl\MainMemory.sv:]
WARNING: [filemgmt 56-199] Attempt to get parsing info during refresh. "On-the-fly" syntax checking information may be incorrect. [C:\Users\D4nny\Documents\HDL\Cache\rtl\Memory.sv:]
WARNING: [filemgmt 56-199] Attempt to get parsing info during refresh. "On-the-fly" syntax checking information may be incorrect. [C:\Users\D4nny\Documents\HDL\Cache\verification\test_cache.sv:]
WARNING: [filemgmt 56-199] Attempt to get parsing info during refresh. "On-the-fly" syntax checking information may be incorrect. [C:\Users\D4nny\Documents\HDL\Cache\rtl\MainMemory.sv:]
WARNING: [filemgmt 56-199] Attempt to get parsing info during refresh. "On-the-fly" syntax checking information may be incorrect. [C:\Users\D4nny\Documents\HDL\Cache\rtl\Memory.sv:]
WARNING: [filemgmt 56-199] Attempt to get parsing info during refresh. "On-the-fly" syntax checking information may be incorrect. [C:\Users\D4nny\Documents\HDL\Cache\verification\test_cache.sv:]
WARNING: [filemgmt 56-199] Attempt to get parsing info during refresh. "On-the-fly" syntax checking information may be incorrect. [C:\Users\D4nny\Documents\HDL\Cache\rtl\MainMemory.sv:]
ERROR: [Common 17-180] Spawn failed: No error
WARNING: [filemgmt 56-199] Attempt to get parsing info during refresh. "On-the-fly" syntax checking information may be incorrect. [C:\Users\D4nny\Documents\HDL\Cache\rtl\Memory.sv:]
WARNING: [filemgmt 56-199] Attempt to get parsing info during refresh. "On-the-fly" syntax checking information may be incorrect. [C:\Users\D4nny\Documents\HDL\Cache\verification\test_cache.sv:]
WARNING: [filemgmt 56-199] Attempt to get parsing info during refresh. "On-the-fly" syntax checking information may be incorrect. [C:\Users\D4nny\Documents\HDL\Cache\rtl\MainMemory.sv:]
update_compile_order -fileset sources_1
ERROR: [Common 17-180] Spawn failed: No error
WARNING: [filemgmt 56-199] Attempt to get parsing info during refresh. "On-the-fly" syntax checking information may be incorrect. [C:\Users\D4nny\Documents\HDL\Cache\rtl\Memory.sv:]
WARNING: [filemgmt 56-199] Attempt to get parsing info during refresh. "On-the-fly" syntax checking information may be incorrect. [C:\Users\D4nny\Documents\HDL\Cache\verification\test_cache.sv:]
WARNING: [filemgmt 56-199] Attempt to get parsing info during refresh. "On-the-fly" syntax checking information may be incorrect. [C:\Users\D4nny\Documents\HDL\Cache\rtl\MainMemory.sv:]
ERROR: [Common 17-180] Spawn failed: No error
WARNING: [filemgmt 56-199] Attempt to get parsing info during refresh. "On-the-fly" syntax checking information may be incorrect. [C:\Users\D4nny\Documents\HDL\Cache\rtl\Memory.sv:]
WARNING: [filemgmt 56-199] Attempt to get parsing info during refresh. "On-the-fly" syntax checking information may be incorrect. [C:\Users\D4nny\Documents\HDL\Cache\verification\test_cache.sv:]
WARNING: [filemgmt 56-199] Attempt to get parsing info during refresh. "On-the-fly" syntax checking information may be incorrect. [C:\Users\D4nny\Documents\HDL\Cache\rtl\MainMemory.sv:]
WARNING: [filemgmt 56-199] Attempt to get parsing info during refresh. "On-the-fly" syntax checking information may be incorrect. [C:\Users\D4nny\Documents\HDL\Cache\rtl\Memory.sv:]
WARNING: [filemgmt 56-199] Attempt to get parsing info during refresh. "On-the-fly" syntax checking information may be incorrect. [C:\Users\D4nny\Documents\HDL\Cache\verification\test_cache.sv:]
WARNING: [filemgmt 56-199] Attempt to get parsing info during refresh. "On-the-fly" syntax checking information may be incorrect. [C:\Users\D4nny\Documents\HDL\Cache\rtl\MainMemory.sv:]
WARNING: [filemgmt 56-199] Attempt to get parsing info during refresh. "On-the-fly" syntax checking information may be incorrect. [C:\Users\D4nny\Documents\HDL\Cache\rtl\Memory.sv:]
WARNING: [filemgmt 56-199] Attempt to get parsing info during refresh. "On-the-fly" syntax checking information may be incorrect. [C:\Users\D4nny\Documents\HDL\Cache\verification\test_cache.sv:]
WARNING: [filemgmt 56-199] Attempt to get parsing info during refresh. "On-the-fly" syntax checking information may be incorrect. [C:\Users\D4nny\Documents\HDL\Cache\rtl\MainMemory.sv:]
WARNING: [filemgmt 56-199] Attempt to get parsing info during refresh. "On-the-fly" syntax checking information may be incorrect. [C:\Users\D4nny\Documents\HDL\Cache\rtl\Memory.sv:]
WARNING: [filemgmt 56-199] Attempt to get parsing info during refresh. "On-the-fly" syntax checking information may be incorrect. [C:\Users\D4nny\Documents\HDL\Cache\verification\test_cache.sv:]
WARNING: [filemgmt 56-199] Attempt to get parsing info during refresh. "On-the-fly" syntax checking information may be incorrect. [C:\Users\D4nny\Documents\HDL\Cache\rtl\MainMemory.sv:]
ERROR: [Common 17-180] Spawn failed: No error
relaunch_sim
Command: launch_simulation -step compile -simset sim_1 -mode behavioral
INFO: [Vivado 12-12493] Simulation top is 'OtterMemoryTB'
WARNING: [Vivado 12-13340] Unable to auto find GCC executables from simulator install path! (path not set)
INFO: [Vivado 12-5682] Launching behavioral simulation in 'C:/Users/D4nny/Documents/HDL/Cache/vivado2023.2/vivado2023.2.sim/sim_1/behav/xsim'
INFO: [SIM-utils-51] Simulation object is 'sim_1'
INFO: [SIM-utils-72] Using boost library from 'C:/Xilinx/Vivado/2023.2/tps/boost_1_72_0'
INFO: [SIM-utils-54] Inspecting design source files for 'OtterMemoryTB' in fileset 'sim_1'...
INFO: [SIM-utils-43] Exported 'C:/Users/D4nny/Documents/HDL/Cache/vivado2023.2/vivado2023.2.sim/sim_1/behav/xsim/otter_mem.mem'
INFO: [USF-XSim-97] Finding global include files...
INFO: [USF-XSim-98] Fetching design files from 'sim_1'...
INFO: [USF-XSim-2] XSim::Compile design
INFO: [USF-XSim-61] Executing 'COMPILE and ANALYZE' step in 'C:/Users/D4nny/Documents/HDL/Cache/vivado2023.2/vivado2023.2.sim/sim_1/behav/xsim'
"xvlog --incr --relax -L uvm -prj OtterMemoryTB_vlog.prj"
ECHO is off.
ECHO is off.
INFO: [VRFC 10-2263] Analyzing SystemVerilog file "C:/Users/D4nny/Documents/HDL/Cache/rtl/CacheLineAdapter.sv" into library xil_defaultlib
INFO: [VRFC 10-311] analyzing module CacheLineAdapter
INFO: [VRFC 10-2263] Analyzing SystemVerilog file "C:/Users/D4nny/Documents/HDL/Cache/rtl/DataL1.sv" into library xil_defaultlib
INFO: [VRFC 10-311] analyzing module DataL1
INFO: [VRFC 10-2263] Analyzing SystemVerilog file "C:/Users/D4nny/Documents/HDL/Cache/rtl/InstructionL1.sv" into library xil_defaultlib
INFO: [VRFC 10-311] analyzing module InstrL1
INFO: [VRFC 10-2263] Analyzing SystemVerilog file "C:/Users/D4nny/Documents/HDL/Cache/rtl/MainMemory.sv" into library xil_defaultlib
INFO: [VRFC 10-311] analyzing module SinglePortDelayMemory
INFO: [VRFC 10-2263] Analyzing SystemVerilog file "C:/Users/D4nny/Documents/HDL/Cache/rtl/Memory.sv" into library xil_defaultlib
INFO: [VRFC 10-311] analyzing module OtterMemory
INFO: [VRFC 10-2263] Analyzing SystemVerilog file "C:/Users/D4nny/Documents/HDL/Cache/rtl/cacheController.sv" into library xil_defaultlib
INFO: [VRFC 10-311] analyzing module CacheController
INFO: [VRFC 10-2263] Analyzing SystemVerilog file "C:/Users/D4nny/Documents/HDL/Cache/verification/test_cache.sv" into library xil_defaultlib
INFO: [VRFC 10-311] analyzing module OtterMemoryTB
WARNING: [VRFC 10-3824] variable 'byte_offset' must explicitly be declared as automatic or static [C:/Users/D4nny/Documents/HDL/Cache/verification/test_cache.sv:172]
WARNING: [VRFC 10-3824] variable 'word_offset' must explicitly be declared as automatic or static [C:/Users/D4nny/Documents/HDL/Cache/verification/test_cache.sv:173]
WARNING: [VRFC 10-3824] variable 'index_offset' must explicitly be declared as automatic or static [C:/Users/D4nny/Documents/HDL/Cache/verification/test_cache.sv:174]
WARNING: [VRFC 10-3824] variable 'tag' must explicitly be declared as automatic or static [C:/Users/D4nny/Documents/HDL/Cache/verification/test_cache.sv:176]
WARNING: [VRFC 10-3824] variable 'data_tag_start' must explicitly be declared as automatic or static [C:/Users/D4nny/Documents/HDL/Cache/verification/test_cache.sv:177]
INFO: [USF-XSim-69] 'compile' step finished in '1' seconds
Command: launch_simulation -step elaborate -simset sim_1 -mode behavioral
INFO: [Vivado 12-12493] Simulation top is 'OtterMemoryTB'
WARNING: [Vivado 12-13340] Unable to auto find GCC executables from simulator install path! (path not set)
INFO: [Vivado 12-5682] Launching behavioral simulation in 'C:/Users/D4nny/Documents/HDL/Cache/vivado2023.2/vivado2023.2.sim/sim_1/behav/xsim'
INFO: [SIM-utils-51] Simulation object is 'sim_1'
INFO: [USF-XSim-3] XSim::Elaborate design
INFO: [USF-XSim-61] Executing 'ELABORATE' step in 'C:/Users/D4nny/Documents/HDL/Cache/vivado2023.2/vivado2023.2.sim/sim_1/behav/xsim'
"xelab --incr --debug typical --relax --mt 2 -L xil_defaultlib -L uvm -L unisims_ver -L unimacro_ver -L secureip --snapshot OtterMemoryTB_behav xil_defaultlib.OtterMemoryTB xil_defaultlib.glbl -log elaborate.log"
ECHO is off.
ECHO is off.
Vivado Simulator v2023.2
Copyright 1986-2022 Xilinx, Inc. All Rights Reserved.
Copyright 2022-2023 Advanced Micro Devices, Inc. All Rights Reserved.
Running: C:/Xilinx/Vivado/2023.2/bin/unwrapped/win64.o/xelab.exe --incr --debug typical --relax --mt 2 -L xil_defaultlib -L uvm -L unisims_ver -L unimacro_ver -L secureip --snapshot OtterMemoryTB_behav xil_defaultlib.OtterMemoryTB xil_defaultlib.glbl -log elaborate.log 
Using 2 slave threads.
Starting static elaboration
Pass Through NonSizing Optimizer
WARNING: [VRFC 10-8967] first argument of $fatal is invalid; expected 0, 1 or 2 [C:/Users/D4nny/Documents/HDL/Cache/verification/test_cache.sv:228]
WARNING: [VRFC 10-8967] first argument of $fatal is invalid; expected 0, 1 or 2 [C:/Users/D4nny/Documents/HDL/Cache/verification/test_cache.sv:229]
WARNING: [VRFC 10-8967] first argument of $fatal is invalid; expected 0, 1 or 2 [C:/Users/D4nny/Documents/HDL/Cache/verification/test_cache.sv:131]
WARNING: [VRFC 10-8967] first argument of $fatal is invalid; expected 0, 1 or 2 [C:/Users/D4nny/Documents/HDL/Cache/verification/test_cache.sv:142]
WARNING: [VRFC 10-8967] first argument of $fatal is invalid; expected 0, 1 or 2 [C:/Users/D4nny/Documents/HDL/Cache/verification/test_cache.sv:153]
WARNING: [VRFC 10-8967] first argument of $fatal is invalid; expected 0, 1 or 2 [C:/Users/D4nny/Documents/HDL/Cache/verification/test_cache.sv:164]
WARNING: [VRFC 10-8967] first argument of $fatal is invalid; expected 0, 1 or 2 [C:/Users/D4nny/Documents/HDL/Cache/verification/test_cache.sv:211]
Completed static elaboration
INFO: [XSIM 43-4329] Assuming default value 1 for the first arguement of $fatal at Line 131, File C:/Users/D4nny/Documents/HDL/Cache/verification/test_cache.sv
INFO: [XSIM 43-4329] Assuming default value 1 for the first arguement of $fatal at Line 142, File C:/Users/D4nny/Documents/HDL/Cache/verification/test_cache.sv
INFO: [XSIM 43-4329] Assuming default value 1 for the first arguement of $fatal at Line 153, File C:/Users/D4nny/Documents/HDL/Cache/verification/test_cache.sv
INFO: [XSIM 43-4329] Assuming default value 1 for the first arguement of $fatal at Line 164, File C:/Users/D4nny/Documents/HDL/Cache/verification/test_cache.sv
INFO: [XSIM 43-4329] Assuming default value 1 for the first arguement of $fatal at Line 211, File C:/Users/D4nny/Documents/HDL/Cache/verification/test_cache.sv
INFO: [XSIM 43-4329] Assuming default value 1 for the first arguement of $fatal at Line 228, File C:/Users/D4nny/Documents/HDL/Cache/verification/test_cache.sv
INFO: [XSIM 43-4329] Assuming default value 1 for the first arguement of $fatal at Line 229, File C:/Users/D4nny/Documents/HDL/Cache/verification/test_cache.sv
Starting simulation data flow analysis
WARNING: [XSIM 43-4099] "C:/Users/D4nny/Documents/HDL/Cache/rtl/Memory.sv" Line 9. Module OtterMemory_default doesn't have a timescale but at least one module in design has a timescale.
WARNING: [XSIM 43-4099] "C:/Users/D4nny/Documents/HDL/Cache/rtl/InstructionL1.sv" Line 20. Module InstrL1_default doesn't have a timescale but at least one module in design has a timescale.
WARNING: [XSIM 43-4099] "C:/Users/D4nny/Documents/HDL/Cache/rtl/DataL1.sv" Line 26. Module DataL1_default doesn't have a timescale but at least one module in design has a timescale.
WARNING: [XSIM 43-4099] "C:/Users/D4nny/Documents/HDL/Cache/rtl/CacheLineAdapter.sv" Line 2. Module CacheLineAdapter_default doesn't have a timescale but at least one module in design has a timescale.
WARNING: [XSIM 43-4099] "C:/Users/D4nny/Documents/HDL/Cache/rtl/MainMemory.sv" Line 18. Module SinglePortDelayMemory(BURST_LEN=8) doesn't have a timescale but at least one module in design has a timescale.
WARNING: [XSIM 43-4099] "C:/Users/D4nny/Documents/HDL/Cache/rtl/cacheController.sv" Line 31. Module CacheController doesn't have a timescale but at least one module in design has a timescale.
WARNING: [XSIM 43-4099] "C:/Users/D4nny/Documents/HDL/Cache/rtl/Memory.sv" Line 9. Module OtterMemory_default doesn't have a timescale but at least one module in design has a timescale.
WARNING: [XSIM 43-4099] "C:/Users/D4nny/Documents/HDL/Cache/rtl/InstructionL1.sv" Line 20. Module InstrL1_default doesn't have a timescale but at least one module in design has a timescale.
WARNING: [XSIM 43-4099] "C:/Users/D4nny/Documents/HDL/Cache/rtl/DataL1.sv" Line 26. Module DataL1_default doesn't have a timescale but at least one module in design has a timescale.
WARNING: [XSIM 43-4099] "C:/Users/D4nny/Documents/HDL/Cache/rtl/CacheLineAdapter.sv" Line 2. Module CacheLineAdapter_default doesn't have a timescale but at least one module in design has a timescale.
WARNING: [XSIM 43-4099] "C:/Users/D4nny/Documents/HDL/Cache/rtl/MainMemory.sv" Line 18. Module SinglePortDelayMemory(BURST_LEN=8) doesn't have a timescale but at least one module in design has a timescale.
WARNING: [XSIM 43-4099] "C:/Users/D4nny/Documents/HDL/Cache/rtl/cacheController.sv" Line 31. Module CacheController doesn't have a timescale but at least one module in design has a timescale.
Completed simulation data flow analysis
Time Resolution for simulation is 1ps
Compiling module xil_defaultlib.InstrL1_default
Compiling module xil_defaultlib.DataL1_default
Compiling module xil_defaultlib.CacheLineAdapter_default
Compiling module xil_defaultlib.SinglePortDelayMemory(BURST_LEN=...
Compiling module xil_defaultlib.CacheController
Compiling module xil_defaultlib.OtterMemory_default
Compiling module xil_defaultlib.tb_clk
Compiling module xil_defaultlib.OtterMemoryTB
Compiling module xil_defaultlib.glbl
Built simulation snapshot OtterMemoryTB_behav
INFO: [USF-XSim-69] 'elaborate' step finished in '4' seconds
Time resolution is 1 ps
WARNING: [Wavedata 42-489] Can't add object "/OtterMemoryTB/expected_memory" to the wave window because it has 524288 bits, which exceeds the display limit of 65536 bits.  To change the display limit, use the command "set_property display_limit <new limit> [current_wave_config]".
Starting test...
relaunch_sim: Time (s): cpu = 00:00:00 ; elapsed = 00:00:07 . Memory (MB): peak = 1647.027 ; gain = 8.836
run 1 ms
Read both mem test passed
Different size read test passed
Writeback test passed
Test finished
$finish called at time : 20385 ns : File "C:/Users/D4nny/Documents/HDL/Cache/verification/test_cache.sv" Line 257
close_sim
INFO: [Simtcl 6-16] Simulation closed
exit
INFO: [Common 17-206] Exiting Vivado at Sun Apr  7 11:19:07 2024...
